Determining if the pthread_create exist failed with the following output:
Change Dir: /media/wasx/eaac263d-6532-4dcc-a600-7ad1d6724f6a/wasx/github_opencv_basic/FOR_READING/Old_Code/CMakeFiles/CMakeTmp

Run Build Command:"/usr/bin/make" "cmTC_3f774/fast"
/usr/bin/make -f CMakeFiles/cmTC_3f774.dir/build.make CMakeFiles/cmTC_3f774.dir/build
make[1]: Entering directory '/media/wasx/eaac263d-6532-4dcc-a600-7ad1d6724f6a/wasx/github_opencv_basic/FOR_READING/Old_Code/CMakeFiles/CMakeTmp'
Building C object CMakeFiles/cmTC_3f774.dir/CheckSymbolExists.c.o
/usr/bin/cc     -o CMakeFiles/cmTC_3f774.dir/CheckSymbolExists.c.o   -c /media/wasx/eaac263d-6532-4dcc-a600-7ad1d6724f6a/wasx/github_opencv_basic/FOR_READING/Old_Code/CMakeFiles/CMakeTmp/CheckSymbolExists.c
Linking C executable cmTC_3f774
/usr/bin/cmake -E cmake_link_script CMakeFiles/cmTC_3f774.dir/link.txt --verbose=1
/usr/bin/cc       CMakeFiles/cmTC_3f774.dir/CheckSymbolExists.c.o  -o cmTC_3f774 -rdynamic 
CMakeFiles/cmTC_3f774.dir/CheckSymbolExists.c.o：在函数‘main’中：
CheckSymbolExists.c:(.text+0x16)：对‘pthread_create’未定义的引用
collect2: error: ld returned 1 exit status
CMakeFiles/cmTC_3f774.dir/build.make:97: recipe for target 'cmTC_3f774' failed
make[1]: *** [cmTC_3f774] Error 1
make[1]: Leaving directory '/media/wasx/eaac263d-6532-4dcc-a600-7ad1d6724f6a/wasx/github_opencv_basic/FOR_READING/Old_Code/CMakeFiles/CMakeTmp'
Makefile:126: recipe for target 'cmTC_3f774/fast' failed
make: *** [cmTC_3f774/fast] Error 2

File /media/wasx/eaac263d-6532-4dcc-a600-7ad1d6724f6a/wasx/github_opencv_basic/FOR_READING/Old_Code/CMakeFiles/CMakeTmp/CheckSymbolExists.c:
/* */
#include <pthread.h>

int main(int argc, char** argv)
{
  (void)argv;
#ifndef pthread_create
  return ((int*)(&pthread_create))[argc];
#else
  (void)argc;
  return 0;
#endif
}

Determining if the function pthread_create exists in the pthreads failed with the following output:
Change Dir: /media/wasx/eaac263d-6532-4dcc-a600-7ad1d6724f6a/wasx/github_opencv_basic/FOR_READING/Old_Code/CMakeFiles/CMakeTmp

Run Build Command:"/usr/bin/make" "cmTC_18e6f/fast"
/usr/bin/make -f CMakeFiles/cmTC_18e6f.dir/build.make CMakeFiles/cmTC_18e6f.dir/build
make[1]: Entering directory '/media/wasx/eaac263d-6532-4dcc-a600-7ad1d6724f6a/wasx/github_opencv_basic/FOR_READING/Old_Code/CMakeFiles/CMakeTmp'
Building C object CMakeFiles/cmTC_18e6f.dir/CheckFunctionExists.c.o
/usr/bin/cc    -DCHECK_FUNCTION_EXISTS=pthread_create   -o CMakeFiles/cmTC_18e6f.dir/CheckFunctionExists.c.o   -c /usr/share/cmake-3.5/Modules/CheckFunctionExists.c
Linking C executable cmTC_18e6f
/usr/bin/cmake -E cmake_link_script CMakeFiles/cmTC_18e6f.dir/link.txt --verbose=1
/usr/bin/cc   -DCHECK_FUNCTION_EXISTS=pthread_create    CMakeFiles/cmTC_18e6f.dir/CheckFunctionExists.c.o  -o cmTC_18e6f -rdynamic -lpthreads 
/usr/bin/ld: 找不到 -lpthreads
collect2: error: ld returned 1 exit status
CMakeFiles/cmTC_18e6f.dir/build.make:97: recipe for target 'cmTC_18e6f' failed
make[1]: *** [cmTC_18e6f] Error 1
make[1]: Leaving directory '/media/wasx/eaac263d-6532-4dcc-a600-7ad1d6724f6a/wasx/github_opencv_basic/FOR_READING/Old_Code/CMakeFiles/CMakeTmp'
Makefile:126: recipe for target 'cmTC_18e6f/fast' failed
make: *** [cmTC_18e6f/fast] Error 2


